<?xml version="1.0" encoding="UTF-8"?>
<!-- Generated by org.testng.reporters.JUnitXMLReporter -->
<testsuite ignored="1" hostname="MrAdarsh" failures="0" tests="5" name="Test" time="17.602" errors="0" timestamp="2024-11-13T16:13:39 IST">
  <testcase classname="ABCP_TestClass.TestClass_Login" name="Login_With_Valid_Credentials" time="4.662"/>
  <testcase classname="ABCP_TestClass.TestClass_ChannelPartner" name="Click_On_the_ChannelPartner" time="0.276"/>
  <testcase classname="ABCP_TestClass.TestClass_ChannelPartner" name="Find_ChannelPartnerName_and_Click" time="1.56"/>
  <testcase classname="ABCP_TestClass.TestClass_ChannelPartner" name="click_On_the_EditChannelPartner_Button" time="0.509"/>
  <testcase classname="ABCP_TestClass.TestClass_ChannelPartner" name="Edit_CompanyName" time="10.379"/>
  <testcase classname="ABCP_TestUtility.BaseTest" name="@BeforeSuite setup" time="0.0">
    <ignored/>
  </testcase> <!-- @BeforeSuite setup -->
</testsuite> <!-- Test -->
